{"time":"2025-01-26T15:41:13.6166254+01:00","level":"INFO","prefix":"-","file":"app.go","line":"106","message":"app.go::NewApp-> Creating a new App"}
{"time":"2025-01-26T15:42:56.5162831+01:00","level":"INFO","prefix":"-","file":"app.go","line":"106","message":"app.go::NewApp-> Creating a new App"}
{"time":"2025-01-26T20:03:41.4157887+01:00","level":"INFO","prefix":"-","file":"app.go","line":"106","message":"app.go::NewApp-> Creating a new App"}
{"time":"2025-01-26T20:08:47.368601+01:00","level":"INFO","prefix":"-","file":"app.go","line":"111","message":"app.go::NewApp-> Creating a new App"}
{"time":"2025-01-26T20:10:50.6028693+01:00","level":"INFO","prefix":"-","file":"app.go","line":"111","message":"app.go::NewApp-> Creating a new App"}
{"time":"2025-01-26T20:11:55.9398761+01:00","level":"INFO","prefix":"-","file":"app.go","line":"111","message":"app.go::NewApp-> Creating a new App"}
{"time":"2025-01-26T20:16:41.2530472+01:00","level":"INFO","prefix":"-","file":"app.go","line":"115","message":"app.go::NewApp-> Creating a new App"}
{"time":"2025-01-26T20:23:39.3509206+01:00","level":"INFO","prefix":"-","file":"app.go","line":"116","message":"app.go::NewApp-> Creating a new App"}
{"time":"2025-02-03T20:09:46.0327374+01:00","level":"INFO","prefix":"-","file":"app.go","line":"100","message":"app.go::NewApp-> Creating a new App"}
{"time":"2025-02-03T20:10:24.8007893+01:00","level":"INFO","prefix":"-","file":"app.go","line":"100","message":"app.go::NewApp-> Creating a new App"}
{"time":"2025-02-03T20:10:56.5570657+01:00","level":"INFO","prefix":"-","file":"app.go","line":"100","message":"app.go::NewApp-> Creating a new App"}
{"time":"2025-02-03T20:24:35.8300022+01:00","level":"INFO","prefix":"-","file":"app.go","line":"100","message":"app.go::NewApp-> Creating a new App"}
{"time":"2025-02-03T20:24:49.6797423+01:00","level":"INFO","prefix":"-","file":"app.go","line":"100","message":"app.go::NewApp-> Creating a new App"}
{"time":"2025-02-03T20:25:03.0577798+01:00","level":"INFO","prefix":"-","file":"app.go","line":"100","message":"app.go::NewApp-> Creating a new App"}
{"time":"2025-02-07T23:21:09.0909324+01:00","level":"INFO","prefix":"-","file":"app.go","line":"100","message":"app.go::NewApp-> Creating a new App"}
{"time":"2025-02-07T23:21:25.4397655+01:00","level":"INFO","prefix":"-","file":"app.go","line":"100","message":"app.go::NewApp-> Creating a new App"}
{"time":"2025-02-07T23:21:40.3844398+01:00","level":"INFO","prefix":"-","file":"app.go","line":"100","message":"app.go::NewApp-> Creating a new App"}
{"time":"2025-02-07T23:30:08.5297795+01:00","level":"INFO","prefix":"-","file":"app.go","line":"100","message":"app.go::NewApp-> Creating a new App"}
{"time":"2025-02-07T23:31:02.3302736+01:00","level":"INFO","prefix":"-","file":"app.go","line":"100","message":"app.go::NewApp-> Creating a new App"}
{"time":"2025-02-07T23:31:50.6599916+01:00","level":"INFO","prefix":"-","file":"app.go","line":"100","message":"app.go::NewApp-> Creating a new App"}
{"time":"2025-02-07T23:35:37.425237+01:00","level":"INFO","prefix":"-","file":"app.go","line":"100","message":"app.go::NewApp-> Creating a new App"}
{"time":"2025-02-07T23:40:29.7776094+01:00","level":"INFO","prefix":"-","file":"app.go","line":"100","message":"app.go::NewApp-> Creating a new App"}
{"time":"2025-02-07T23:47:40.3114387+01:00","level":"INFO","prefix":"-","file":"app.go","line":"100","message":"app.go::NewApp-> Creating a new App"}
{"time":"2025-02-08T00:02:09.603759+01:00","level":"INFO","prefix":"-","file":"app.go","line":"100","message":"app.go::NewApp-> Creating a new App"}
{"time":"2025-02-08T00:35:14.0115383+01:00","level":"INFO","prefix":"-","file":"app.go","line":"100","message":"app.go::NewApp-> Creating a new App"}
{"time":"2025-02-08T00:35:28.8569868+01:00","level":"INFO","prefix":"-","file":"app.go","line":"100","message":"app.go::NewApp-> Creating a new App"}
{"time":"2025-02-08T00:35:43.4517947+01:00","level":"INFO","prefix":"-","file":"app.go","line":"100","message":"app.go::NewApp-> Creating a new App"}
{"time":"2025-02-08T00:36:35.0218311+01:00","level":"INFO","prefix":"-","file":"app.go","line":"100","message":"app.go::NewApp-> Creating a new App"}
{"time":"2025-02-08T00:36:49.6978097+01:00","level":"INFO","prefix":"-","file":"app.go","line":"100","message":"app.go::NewApp-> Creating a new App"}
{"time":"2025-02-08T00:36:58.0956664+01:00","level":"INFO","prefix":"-","file":"app.go","line":"100","message":"app.go::NewApp-> Creating a new App"}
{"time":"2025-02-08T00:43:33.6458388+01:00","level":"INFO","prefix":"-","file":"app.go","line":"100","message":"app.go::NewApp-> Creating a new App"}
{"time":"2025-02-08T00:43:50.8275705+01:00","level":"INFO","prefix":"-","file":"app.go","line":"100","message":"app.go::NewApp-> Creating a new App"}
{"time":"2025-02-08T00:44:02.2255723+01:00","level":"INFO","prefix":"-","file":"app.go","line":"100","message":"app.go::NewApp-> Creating a new App"}
{"time":"2025-02-08T00:50:41.5583328+01:00","level":"INFO","prefix":"-","file":"app.go","line":"100","message":"app.go::NewApp-> Creating a new App"}
{"time":"2025-02-08T00:50:56.4596744+01:00","level":"INFO","prefix":"-","file":"app.go","line":"100","message":"app.go::NewApp-> Creating a new App"}
{"time":"2025-02-08T00:51:05.2520912+01:00","level":"INFO","prefix":"-","file":"app.go","line":"100","message":"app.go::NewApp-> Creating a new App"}
{"time":"2025-02-08T00:52:09.9781983+01:00","level":"INFO","prefix":"-","file":"app.go","line":"100","message":"app.go::NewApp-> Creating a new App"}
{"time":"2025-02-08T00:52:25.5625002+01:00","level":"INFO","prefix":"-","file":"app.go","line":"100","message":"app.go::NewApp-> Creating a new App"}
{"time":"2025-02-08T00:52:33.4478855+01:00","level":"INFO","prefix":"-","file":"app.go","line":"100","message":"app.go::NewApp-> Creating a new App"}
{"time":"2025-02-08T01:05:55.3052728+01:00","level":"INFO","prefix":"-","file":"app.go","line":"100","message":"app.go::NewApp-> Creating a new App"}
{"time":"2025-02-08T01:06:11.4111434+01:00","level":"INFO","prefix":"-","file":"app.go","line":"100","message":"app.go::NewApp-> Creating a new App"}
{"time":"2025-02-08T01:06:19.9801127+01:00","level":"INFO","prefix":"-","file":"app.go","line":"100","message":"app.go::NewApp-> Creating a new App"}
{"time":"2025-02-08T01:14:06.5668195+01:00","level":"INFO","prefix":"-","file":"app.go","line":"100","message":"app.go::NewApp-> Creating a new App"}
{"time":"2025-02-08T01:14:22.1938418+01:00","level":"INFO","prefix":"-","file":"app.go","line":"100","message":"app.go::NewApp-> Creating a new App"}
{"time":"2025-02-08T01:14:30.1334903+01:00","level":"INFO","prefix":"-","file":"app.go","line":"100","message":"app.go::NewApp-> Creating a new App"}
{"time":"2025-02-08T01:34:21.9116879+01:00","level":"INFO","prefix":"-","file":"app.go","line":"100","message":"app.go::NewApp-> Creating a new App"}
{"time":"2025-02-08T01:34:38.5120506+01:00","level":"INFO","prefix":"-","file":"app.go","line":"100","message":"app.go::NewApp-> Creating a new App"}
{"time":"2025-02-08T01:34:46.0402468+01:00","level":"INFO","prefix":"-","file":"app.go","line":"100","message":"app.go::NewApp-> Creating a new App"}
{"time":"2025-02-08T01:35:14.6419688+01:00","level":"INFO","prefix":"-","file":"app.go","line":"100","message":"app.go::NewApp-> Creating a new App"}
{"time":"2025-02-08T01:35:29.9436547+01:00","level":"INFO","prefix":"-","file":"app.go","line":"100","message":"app.go::NewApp-> Creating a new App"}
{"time":"2025-02-08T01:35:38.2905776+01:00","level":"INFO","prefix":"-","file":"app.go","line":"100","message":"app.go::NewApp-> Creating a new App"}
{"time":"2025-02-10T14:15:06.91519+01:00","level":"INFO","prefix":"-","file":"app.go","line":"100","message":"app.go::NewApp-> Creating a new App"}
{"time":"2025-02-10T14:15:19.4129512+01:00","level":"INFO","prefix":"-","file":"app.go","line":"100","message":"app.go::NewApp-> Creating a new App"}
{"time":"2025-02-10T14:15:32.0173982+01:00","level":"INFO","prefix":"-","file":"app.go","line":"100","message":"app.go::NewApp-> Creating a new App"}
{"time":"2025-02-10T14:38:30.6701459+01:00","level":"INFO","prefix":"-","file":"app.go","line":"100","message":"app.go::NewApp-> Creating a new App"}
{"time":"2025-02-10T14:38:43.0406078+01:00","level":"INFO","prefix":"-","file":"app.go","line":"100","message":"app.go::NewApp-> Creating a new App"}
{"time":"2025-02-10T14:38:55.1885503+01:00","level":"INFO","prefix":"-","file":"app.go","line":"100","message":"app.go::NewApp-> Creating a new App"}
{"time":"2025-02-10T14:40:18.8917684+01:00","level":"INFO","prefix":"-","file":"app.go","line":"100","message":"app.go::NewApp-> Creating a new App"}
{"time":"2025-02-10T14:40:31.2211099+01:00","level":"INFO","prefix":"-","file":"app.go","line":"100","message":"app.go::NewApp-> Creating a new App"}
{"time":"2025-02-10T14:40:43.265968+01:00","level":"INFO","prefix":"-","file":"app.go","line":"100","message":"app.go::NewApp-> Creating a new App"}
{"time":"2025-02-10T16:21:39.9611001+01:00","level":"INFO","prefix":"-","file":"app.go","line":"100","message":"app.go::NewApp-> Creating a new App"}
{"time":"2025-02-10T16:21:52.1704341+01:00","level":"INFO","prefix":"-","file":"app.go","line":"100","message":"app.go::NewApp-> Creating a new App"}
{"time":"2025-02-10T16:22:04.0276991+01:00","level":"INFO","prefix":"-","file":"app.go","line":"100","message":"app.go::NewApp-> Creating a new App"}
{"time":"2025-02-10T19:15:35.3285328+01:00","level":"INFO","prefix":"-","file":"app.go","line":"100","message":"app.go::NewApp-> Creating a new App"}
{"time":"2025-02-10T19:15:47.6077014+01:00","level":"INFO","prefix":"-","file":"app.go","line":"100","message":"app.go::NewApp-> Creating a new App"}
{"time":"2025-02-10T19:15:59.4879374+01:00","level":"INFO","prefix":"-","file":"app.go","line":"100","message":"app.go::NewApp-> Creating a new App"}
{"time":"2025-02-11T20:34:52.7923216+01:00","level":"INFO","prefix":"-","file":"app.go","line":"100","message":"app.go::NewApp-> Creating a new App"}
{"time":"2025-02-11T20:35:06.6602919+01:00","level":"INFO","prefix":"-","file":"app.go","line":"100","message":"app.go::NewApp-> Creating a new App"}
{"time":"2025-02-11T20:35:19.9402629+01:00","level":"INFO","prefix":"-","file":"app.go","line":"100","message":"app.go::NewApp-> Creating a new App"}
{"time":"2025-02-12T09:56:26.0468619+01:00","level":"INFO","prefix":"-","file":"app.go","line":"100","message":"app.go::NewApp-> Creating a new App"}
{"time":"2025-02-12T09:56:39.8544813+01:00","level":"INFO","prefix":"-","file":"app.go","line":"100","message":"app.go::NewApp-> Creating a new App"}
{"time":"2025-02-12T09:56:54.2992492+01:00","level":"INFO","prefix":"-","file":"app.go","line":"100","message":"app.go::NewApp-> Creating a new App"}
{"time":"2025-02-12T10:13:25.054749+01:00","level":"INFO","prefix":"-","file":"app.go","line":"100","message":"app.go::NewApp-> Creating a new App"}
{"time":"2025-02-12T10:13:45.9011937+01:00","level":"INFO","prefix":"-","file":"app.go","line":"100","message":"app.go::NewApp-> Creating a new App"}
{"time":"2025-02-12T10:41:54.7572267+01:00","level":"INFO","prefix":"-","file":"app.go","line":"100","message":"app.go::NewApp-> Creating a new App"}
{"time":"2025-02-12T10:42:11.902828+01:00","level":"INFO","prefix":"-","file":"app.go","line":"100","message":"app.go::NewApp-> Creating a new App"}
{"time":"2025-02-12T10:42:26.8507792+01:00","level":"INFO","prefix":"-","file":"app.go","line":"100","message":"app.go::NewApp-> Creating a new App"}
{"time":"2025-02-12T11:16:39.1298057+01:00","level":"INFO","prefix":"-","file":"app.go","line":"100","message":"app.go::NewApp-> Creating a new App"}
{"time":"2025-02-13T21:19:27.4843862+01:00","level":"INFO","prefix":"-","file":"app.go","line":"100","message":"app.go::NewApp-> Creating a new App"}
{"time":"2025-02-13T21:19:41.2156015+01:00","level":"INFO","prefix":"-","file":"app.go","line":"100","message":"app.go::NewApp-> Creating a new App"}
{"time":"2025-02-13T21:19:54.0440963+01:00","level":"INFO","prefix":"-","file":"app.go","line":"100","message":"app.go::NewApp-> Creating a new App"}
{"time":"2025-02-16T17:44:47.8993893+01:00","level":"INFO","prefix":"-","file":"app.go","line":"100","message":"app.go::NewApp-> Creating a new App"}
{"time":"2025-02-16T17:45:01.228589+01:00","level":"INFO","prefix":"-","file":"app.go","line":"100","message":"app.go::NewApp-> Creating a new App"}
{"time":"2025-02-16T17:45:14.3936651+01:00","level":"INFO","prefix":"-","file":"app.go","line":"100","message":"app.go::NewApp-> Creating a new App"}
{"time":"2025-02-16T18:26:51.3971798+01:00","level":"INFO","prefix":"-","file":"app.go","line":"100","message":"app.go::NewApp-> Creating a new App"}
{"time":"2025-02-16T18:27:04.8530948+01:00","level":"INFO","prefix":"-","file":"app.go","line":"100","message":"app.go::NewApp-> Creating a new App"}
{"time":"2025-02-16T18:27:18.2616637+01:00","level":"INFO","prefix":"-","file":"app.go","line":"100","message":"app.go::NewApp-> Creating a new App"}
{"time":"2025-02-16T18:40:48.7026795+01:00","level":"INFO","prefix":"-","file":"app.go","line":"100","message":"app.go::NewApp-> Creating a new App"}
{"time":"2025-02-16T18:41:01.990894+01:00","level":"INFO","prefix":"-","file":"app.go","line":"100","message":"app.go::NewApp-> Creating a new App"}
{"time":"2025-02-16T18:41:14.8601761+01:00","level":"INFO","prefix":"-","file":"app.go","line":"100","message":"app.go::NewApp-> Creating a new App"}
{"time":"2025-02-16T18:47:13.8235906+01:00","level":"INFO","prefix":"-","file":"app.go","line":"100","message":"app.go::NewApp-> Creating a new App"}
{"time":"2025-02-16T18:47:27.5973588+01:00","level":"INFO","prefix":"-","file":"app.go","line":"100","message":"app.go::NewApp-> Creating a new App"}
{"time":"2025-02-16T18:47:40.966379+01:00","level":"INFO","prefix":"-","file":"app.go","line":"100","message":"app.go::NewApp-> Creating a new App"}
{"time":"2025-02-16T19:17:02.2485099+01:00","level":"INFO","prefix":"-","file":"app.go","line":"100","message":"app.go::NewApp-> Creating a new App"}
{"time":"2025-02-16T19:17:15.8256323+01:00","level":"INFO","prefix":"-","file":"app.go","line":"100","message":"app.go::NewApp-> Creating a new App"}
{"time":"2025-02-16T19:17:29.0640199+01:00","level":"INFO","prefix":"-","file":"app.go","line":"100","message":"app.go::NewApp-> Creating a new App"}
{"time":"2025-02-16T22:03:38.2082766+01:00","level":"INFO","prefix":"-","file":"app.go","line":"100","message":"app.go::NewApp-> Creating a new App"}
{"time":"2025-02-16T22:03:51.9273224+01:00","level":"INFO","prefix":"-","file":"app.go","line":"100","message":"app.go::NewApp-> Creating a new App"}
{"time":"2025-02-16T22:04:05.2717665+01:00","level":"INFO","prefix":"-","file":"app.go","line":"100","message":"app.go::NewApp-> Creating a new App"}
{"time":"2025-02-18T18:56:27.9672897+01:00","level":"INFO","prefix":"-","file":"app.go","line":"100","message":"app.go::NewApp-> Creating a new App"}
{"time":"2025-02-18T18:56:41.3689593+01:00","level":"INFO","prefix":"-","file":"app.go","line":"100","message":"app.go::NewApp-> Creating a new App"}
{"time":"2025-02-18T18:56:54.8090543+01:00","level":"INFO","prefix":"-","file":"app.go","line":"100","message":"app.go::NewApp-> Creating a new App"}
{"time":"2025-02-18T19:17:29.9150207+01:00","level":"INFO","prefix":"-","file":"app.go","line":"100","message":"app.go::NewApp-> Creating a new App"}
{"time":"2025-02-18T19:17:54.3874848+01:00","level":"INFO","prefix":"-","file":"app.go","line":"100","message":"app.go::NewApp-> Creating a new App"}
{"time":"2025-02-18T19:18:07.0935107+01:00","level":"INFO","prefix":"-","file":"app.go","line":"100","message":"app.go::NewApp-> Creating a new App"}
{"time":"2025-02-19T15:59:18.6869904+01:00","level":"INFO","prefix":"-","file":"app.go","line":"100","message":"app.go::NewApp-> Creating a new App"}
{"time":"2025-02-19T15:59:42.9040022+01:00","level":"INFO","prefix":"-","file":"app.go","line":"100","message":"app.go::NewApp-> Creating a new App"}
{"time":"2025-02-19T15:59:56.2396309+01:00","level":"INFO","prefix":"-","file":"app.go","line":"100","message":"app.go::NewApp-> Creating a new App"}
{"time":"2025-02-20T13:48:34.758103+01:00","level":"INFO","prefix":"-","file":"app.go","line":"100","message":"app.go::NewApp-> Creating a new App"}
{"time":"2025-02-20T13:48:46.719906+01:00","level":"INFO","prefix":"-","file":"app.go","line":"100","message":"app.go::NewApp-> Creating a new App"}
{"time":"2025-02-20T13:48:58.5997555+01:00","level":"INFO","prefix":"-","file":"app.go","line":"100","message":"app.go::NewApp-> Creating a new App"}
{"time":"2025-02-20T18:08:32.9706023+01:00","level":"INFO","prefix":"-","file":"app.go","line":"100","message":"app.go::NewApp-> Creating a new App"}
{"time":"2025-02-20T18:08:49.5083413+01:00","level":"INFO","prefix":"-","file":"app.go","line":"100","message":"app.go::NewApp-> Creating a new App"}
{"time":"2025-02-20T18:10:52.1843912+01:00","level":"INFO","prefix":"-","file":"app.go","line":"100","message":"app.go::NewApp-> Creating a new App"}
{"time":"2025-02-23T16:19:43.3253115+01:00","level":"INFO","prefix":"-","file":"app.go","line":"100","message":"app.go::NewApp-> Creating a new App"}
{"time":"2025-02-23T16:19:56.6205069+01:00","level":"INFO","prefix":"-","file":"app.go","line":"100","message":"app.go::NewApp-> Creating a new App"}
{"time":"2025-02-23T16:20:09.2574643+01:00","level":"INFO","prefix":"-","file":"app.go","line":"100","message":"app.go::NewApp-> Creating a new App"}
{"time":"2025-02-23T16:45:18.9846746+01:00","level":"INFO","prefix":"-","file":"app.go","line":"100","message":"app.go::NewApp-> Creating a new App"}
{"time":"2025-02-23T16:45:32.1728832+01:00","level":"INFO","prefix":"-","file":"app.go","line":"100","message":"app.go::NewApp-> Creating a new App"}
{"time":"2025-02-23T16:45:44.3020428+01:00","level":"INFO","prefix":"-","file":"app.go","line":"100","message":"app.go::NewApp-> Creating a new App"}
{"time":"2025-02-23T19:59:02.6537217+01:00","level":"INFO","prefix":"-","file":"app.go","line":"100","message":"app.go::NewApp-> Creating a new App"}
{"time":"2025-02-23T19:59:15.2622809+01:00","level":"INFO","prefix":"-","file":"app.go","line":"100","message":"app.go::NewApp-> Creating a new App"}
{"time":"2025-02-23T19:59:29.5537227+01:00","level":"INFO","prefix":"-","file":"app.go","line":"100","message":"app.go::NewApp-> Creating a new App"}
{"time":"2025-02-23T21:55:07.4906637+01:00","level":"INFO","prefix":"-","file":"app.go","line":"100","message":"app.go::NewApp-> Creating a new App"}
{"time":"2025-02-23T22:15:40.2715094+01:00","level":"ERROR","prefix":"-","file":"app.go","line":"85","message":"app.go::GetRequest-> Task not found"}
{"time":"2025-02-23T22:21:56.6970897+01:00","level":"INFO","prefix":"-","file":"app.go","line":"102","message":"app.go::NewApp-> Creating a new App"}
{"time":"2025-02-23T22:38:22.8023597+01:00","level":"INFO","prefix":"-","file":"app.go","line":"102","message":"app.go::NewApp-> Creating a new App"}
{"time":"2025-02-23T22:45:14.5655343+01:00","level":"INFO","prefix":"-","file":"app.go","line":"102","message":"app.go::NewApp-> Creating a new App"}
{"time":"2025-02-23T22:48:02.717193+01:00","level":"INFO","prefix":"-","file":"app.go","line":"102","message":"app.go::NewApp-> Creating a new App"}
{"time":"2025-02-23T23:01:21.2054889+01:00","level":"INFO","prefix":"-","file":"app.go","line":"105","message":"app.go::NewApp-> Creating a new App"}
{"time":"2025-02-23T23:07:04.1984002+01:00","level":"INFO","prefix":"-","file":"app.go","line":"105","message":"app.go::NewApp-> Creating a new App"}
{"time":"2025-02-23T23:50:02.9230342+01:00","level":"INFO","prefix":"-","file":"app.go","line":"108","message":"app.go::NewApp-> Creating a new App"}
{"time":"2025-02-23T23:50:38.9693149+01:00","level":"ERROR","prefix":"-","file":"Save&Load.go","line":"84","message":"Save&Load->save(): Fehler beim Erstellen des Projekt-Files:  G:\\Meine Ablage\\Uni\\QuantenNetze\\Qusim\\qusim\\Projects/.qusim :   open G:\\Meine Ablage\\Uni\\QuantenNetze\\Qusim\\qusim\\Projects: is a directory"}
{"time":"2025-02-23T23:50:38.9698464+01:00","level":"ERROR","prefix":"-","file":"Save&Load.go","line":"163","message":"Save&Load->SaveProject(): Fehler beim Speichern des Projekts: open G:\\Meine Ablage\\Uni\\QuantenNetze\\Qusim\\qusim\\Projects: is a directory"}
{"time":"2025-02-23T23:53:00.2141884+01:00","level":"INFO","prefix":"-","file":"app.go","line":"108","message":"app.go::NewApp-> Creating a new App"}
{"time":"2025-02-23T23:56:18.6057059+01:00","level":"ERROR","prefix":"-","file":"Save&Load.go","line":"84","message":"Save&Load->save(): Fehler beim Erstellen des Projekt-Files:  G:\\Meine Ablage\\Uni\\QuantenNetze\\Qusim\\qusim\\Projects/.qusim :   open G:\\Meine Ablage\\Uni\\QuantenNetze\\Qusim\\qusim\\Projects: is a directory"}
{"time":"2025-02-23T23:56:18.6062337+01:00","level":"ERROR","prefix":"-","file":"Save&Load.go","line":"164","message":"Save&Load->SaveProject(): Fehler beim Speichern des Projekts: open G:\\Meine Ablage\\Uni\\QuantenNetze\\Qusim\\qusim\\Projects: is a directory"}
{"time":"2025-02-24T00:03:10.9784152+01:00","level":"ERROR","prefix":"-","file":"Save&Load.go","line":"84","message":"Save&Load->save(): Fehler beim Erstellen des Projekt-Files:  G:\\Meine Ablage\\Uni\\QuantenNetze\\Qusim\\qusim\\Projects/.qusim :   open G:\\Meine Ablage\\Uni\\QuantenNetze\\Qusim\\qusim\\Projects: is a directory"}
{"time":"2025-02-24T00:03:10.9784152+01:00","level":"ERROR","prefix":"-","file":"Save&Load.go","line":"164","message":"Save&Load->SaveProject(): Fehler beim Speichern des Projekts: open G:\\Meine Ablage\\Uni\\QuantenNetze\\Qusim\\qusim\\Projects: is a directory"}
{"time":"2025-02-24T00:03:58.7325454+01:00","level":"ERROR","prefix":"-","file":"Save&Load.go","line":"84","message":"Save&Load->save(): Fehler beim Erstellen des Projekt-Files:  G:\\Meine Ablage\\Uni\\QuantenNetze\\Qusim\\qusim\\Projects/.qusim :   open G:\\Meine Ablage\\Uni\\QuantenNetze\\Qusim\\qusim\\Projects: is a directory"}
{"time":"2025-02-24T00:03:58.7330674+01:00","level":"ERROR","prefix":"-","file":"Save&Load.go","line":"164","message":"Save&Load->SaveProject(): Fehler beim Speichern des Projekts: open G:\\Meine Ablage\\Uni\\QuantenNetze\\Qusim\\qusim\\Projects: is a directory"}
{"time":"2025-02-24T00:05:24.3202609+01:00","level":"ERROR","prefix":"-","file":"Save&Load.go","line":"84","message":"Save&Load->save(): Fehler beim Erstellen des Projekt-Files:  G:\\Meine Ablage\\Uni\\QuantenNetze\\Qusim\\qusim\\Projects/.qusim :   open G:\\Meine Ablage\\Uni\\QuantenNetze\\Qusim\\qusim\\Projects: is a directory"}
{"time":"2025-02-24T00:05:24.3202609+01:00","level":"ERROR","prefix":"-","file":"Save&Load.go","line":"164","message":"Save&Load->SaveProject(): Fehler beim Speichern des Projekts: open G:\\Meine Ablage\\Uni\\QuantenNetze\\Qusim\\qusim\\Projects: is a directory"}
{"time":"2025-02-24T00:13:10.8807921+01:00","level":"INFO","prefix":"-","file":"app.go","line":"108","message":"app.go::NewApp-> Creating a new App"}
{"time":"2025-02-24T00:13:38.5967779+01:00","level":"ERROR","prefix":"-","file":"Save&Load.go","line":"159","message":"Save&Load->SaveProject(): Fehler beim Speichern des Projekts: json: cannot unmarshal number into Go struct field Wire.wire_session.wires.id of type string"}
{"time":"2025-02-24T00:22:20.0042764+01:00","level":"INFO","prefix":"-","file":"app.go","line":"108","message":"app.go::NewApp-> Creating a new App"}
{"time":"2025-02-24T00:24:31.7960819+01:00","level":"ERROR","prefix":"-","file":"Save&Load.go","line":"163","message":"Save&Load->SaveProject(): Fehler beim Speichern des Projekts: Projektname fehlt."}
{"time":"2025-02-24T00:31:46.7468613+01:00","level":"ERROR","prefix":"-","file":"Save&Load.go","line":"163","message":"Save&Load->SaveProject(): Fehler beim Speichern des Projekts: Projektname fehlt."}
{"time":"2025-02-24T00:32:25.441448+01:00","level":"ERROR","prefix":"-","file":"Save&Load.go","line":"163","message":"Save&Load->SaveProject(): Fehler beim Speichern des Projekts: Projektname fehlt."}
{"time":"2025-02-24T00:33:02.0125369+01:00","level":"ERROR","prefix":"-","file":"Save&Load.go","line":"163","message":"Save&Load->SaveProject(): Fehler beim Speichern des Projekts: Projektname fehlt."}
{"time":"2025-02-24T00:34:03.3975576+01:00","level":"ERROR","prefix":"-","file":"Save&Load.go","line":"163","message":"Save&Load->SaveProject(): Fehler beim Speichern des Projekts: Projektname fehlt."}
{"time":"2025-02-24T01:00:00.9990795+01:00","level":"ERROR","prefix":"-","file":"Save&Load.go","line":"163","message":"Save&Load->SaveProject(): Fehler beim Speichern des Projekts: Projektname fehlt."}
{"time":"2025-02-24T01:01:35.9169992+01:00","level":"ERROR","prefix":"-","file":"Save&Load.go","line":"163","message":"Save&Load->SaveProject(): Fehler beim Speichern des Projekts: Projektname fehlt."}
{"time":"2025-02-24T01:03:36.6106365+01:00","level":"ERROR","prefix":"-","file":"Save&Load.go","line":"163","message":"Save&Load->SaveProject(): Fehler beim Speichern des Projekts: Projektname fehlt."}
{"time":"2025-02-24T01:14:33.026918+01:00","level":"INFO","prefix":"-","file":"app.go","line":"108","message":"app.go::NewApp-> Creating a new App"}
{"time":"2025-02-24T01:20:51.4906809+01:00","level":"INFO","prefix":"-","file":"app.go","line":"108","message":"app.go::NewApp-> Creating a new App"}
{"time":"2025-02-24T01:22:30.948032+01:00","level":"ERROR","prefix":"-","file":"Save&Load.go","line":"111","message":"Save&Load->load(): Fehler beim Lesen des Projekt-Files:  Hallo.qusim : open Hallo.qusim: The system cannot find the file specified."}
{"time":"2025-02-24T01:23:39.7000579+01:00","level":"ERROR","prefix":"-","file":"Save&Load.go","line":"218","message":"Save&Load->Select_Project(): Fehler beim Laden des Projekts: open Hallo.qusim: The system cannot find the file specified."}
{"time":"2025-02-24T01:34:21.7285442+01:00","level":"INFO","prefix":"-","file":"app.go","line":"108","message":"app.go::NewApp-> Creating a new App"}
{"time":"2025-02-24T01:38:01.0728489+01:00","level":"INFO","prefix":"-","file":"app.go","line":"108","message":"app.go::NewApp-> Creating a new App"}
{"time":"2025-02-24T01:44:18.0135665+01:00","level":"INFO","prefix":"-","file":"app.go","line":"108","message":"app.go::NewApp-> Creating a new App"}
{"time":"2025-02-24T01:56:08.1366287+01:00","level":"INFO","prefix":"-","file":"app.go","line":"108","message":"app.go::NewApp-> Creating a new App"}
{"time":"2025-02-24T02:11:11.2690958+01:00","level":"INFO","prefix":"-","file":"app.go","line":"105","message":"app.go::NewApp-> Creating a new App"}
{"time":"2025-02-24T02:17:21.1104007+01:00","level":"INFO","prefix":"-","file":"app.go","line":"105","message":"app.go::NewApp-> Creating a new App"}
{"time":"2025-02-24T02:23:39.4922649+01:00","level":"INFO","prefix":"-","file":"app.go","line":"105","message":"app.go::NewApp-> Creating a new App"}
{"time":"2025-02-24T02:30:33.347869+01:00","level":"ERROR","prefix":"-","file":"Save&Load.go","line":"72","message":"Save&Load->save(): Fehler beim Speichern des Projekts:  Horizont.qusim:  Projekt existiert bereits."}
{"time":"2025-02-24T02:30:33.347869+01:00","level":"ERROR","prefix":"-","file":"Save&Load.go","line":"147","message":"Save&Load->CreateProject(): Fehler beim Erstellen des Projekts: file already exists"}
{"time":"2025-02-24T02:31:09.0005602+01:00","level":"ERROR","prefix":"-","file":"Save&Load.go","line":"72","message":"Save&Load->save(): Fehler beim Speichern des Projekts:  Horizont.qusim:  Projekt existiert bereits."}
{"time":"2025-02-24T02:31:09.0005602+01:00","level":"ERROR","prefix":"-","file":"Save&Load.go","line":"147","message":"Save&Load->CreateProject(): Fehler beim Erstellen des Projekts: file already exists"}
{"time":"2025-02-24T02:32:26.8593204+01:00","level":"ERROR","prefix":"-","file":"Save&Load.go","line":"72","message":"Save&Load->save(): Fehler beim Speichern des Projekts:  Horizont.qusim:  Projekt existiert bereits."}
{"time":"2025-02-24T02:32:59.4146045+01:00","level":"ERROR","prefix":"-","file":"Save&Load.go","line":"147","message":"Save&Load->CreateProject(): Fehler beim Erstellen des Projekts: file already exists"}
{"time":"2025-02-24T02:38:58.2746448+01:00","level":"ERROR","prefix":"-","file":"Save&Load.go","line":"72","message":"Save&Load->save(): Fehler beim Speichern des Projekts:  Horizont.qusim:  Projekt existiert bereits."}
{"time":"2025-02-24T02:38:58.2751496+01:00","level":"ERROR","prefix":"-","file":"Save&Load.go","line":"147","message":"Save&Load->CreateProject(): Fehler beim Erstellen des Projekts: file already exists"}
{"time":"2025-02-24T02:42:45.4837113+01:00","level":"INFO","prefix":"-","file":"app.go","line":"105","message":"app.go::NewApp-> Creating a new App"}
